<?xml version="1.0" encoding="UTF-8"?>
<!-- Generated by org.testng.reporters.JUnitXMLReporter -->
<testsuite hostname="xeadmin-Latitude-7480" ignored="2" tests="3" failures="0" timestamp="2020-12-13T21:07:30 IST" time="9.585" errors="0">
  <testcase name="initialDemo" time="0.068" classname="Test3"/>
  <testcase name="initialDemo" time="0.088" classname="Test2"/>
  <testcase name="initialDemo" time="0.07" classname="Test1"/>
  <testcase name="@AfterSuite tearDown" time="0.0" classname="Base">
    <ignored/>
  </testcase> <!-- @AfterSuite tearDown -->
  <testcase name="@AfterSuite tearDown" time="0.0" classname="Base">
    <ignored/>
  </testcase> <!-- @AfterSuite tearDown -->
</testsuite>
