<?xml version="1.0" encoding="UTF-8"?>
<testng-results skipped="0" failed="0" ignored="2" total="5" passed="3">
  <reporter-output>
  </reporter-output>
  <suite name="Command line suite" duration-ms="9585" started-at="2020-12-13T21:07:20 IST" finished-at="2020-12-13T21:07:30 IST">
    <groups>
    </groups>
    <test name="Command line test" duration-ms="9585" started-at="2020-12-13T21:07:20 IST" finished-at="2020-12-13T21:07:30 IST">
      <class name="Test1">
        <test-method status="PASS" signature="config()[pri:0, instance:Test1@56ef9176]" name="config" is-config="true" duration-ms="2485" started-at="2020-12-13T21:07:20 IST" finished-at="2020-12-13T21:07:22 IST">
          <reporter-output>
          </reporter-output>
        </test-method> <!-- config -->
        <test-method status="PASS" signature="initialDemo()[pri:0, instance:Test1@56ef9176]" name="initialDemo" duration-ms="70" started-at="2020-12-13T21:07:29 IST" finished-at="2020-12-13T21:07:30 IST">
          <reporter-output>
          </reporter-output>
        </test-method> <!-- initialDemo -->
      </class> <!-- Test1 -->
      <class name="Test3">
        <test-method status="PASS" signature="config()[pri:0, instance:Test3@cb644e]" name="config" is-config="true" duration-ms="4850" started-at="2020-12-13T21:07:24 IST" finished-at="2020-12-13T21:07:29 IST">
          <reporter-output>
          </reporter-output>
        </test-method> <!-- config -->
        <test-method status="PASS" signature="initialDemo()[pri:0, instance:Test3@cb644e]" name="initialDemo" duration-ms="68" started-at="2020-12-13T21:07:29 IST" finished-at="2020-12-13T21:07:29 IST">
          <reporter-output>
          </reporter-output>
        </test-method> <!-- initialDemo -->
        <test-method status="PASS" signature="tearDown()[pri:0, instance:Test3@cb644e]" name="tearDown" is-config="true" duration-ms="22" started-at="2020-12-13T21:07:30 IST" finished-at="2020-12-13T21:07:30 IST">
          <reporter-output>
          </reporter-output>
        </test-method> <!-- tearDown -->
      </class> <!-- Test3 -->
      <class name="Test2">
        <test-method status="PASS" signature="config()[pri:0, instance:Test2@13805618]" name="config" is-config="true" duration-ms="1992" started-at="2020-12-13T21:07:22 IST" finished-at="2020-12-13T21:07:24 IST">
          <reporter-output>
          </reporter-output>
        </test-method> <!-- config -->
        <test-method status="PASS" signature="initialDemo()[pri:0, instance:Test2@13805618]" name="initialDemo" duration-ms="88" started-at="2020-12-13T21:07:29 IST" finished-at="2020-12-13T21:07:29 IST">
          <reporter-output>
          </reporter-output>
        </test-method> <!-- initialDemo -->
      </class> <!-- Test2 -->
    </test> <!-- Command line test -->
  </suite> <!-- Command line suite -->
</testng-results>
